<?xml version="1.0" encoding="UTF-8"?>
<testsuite name="NumberWordsTest" tests="1" skipped="0" failures="0" errors="0" timestamp="2016-01-05T22:12:50" hostname="epicodus-32.local" time="0.001">
  <properties/>
  <testcase name="inputNumber_translatesNumericNumbersToWrittenWords1_one" classname="NumberWordsTest" time="0.001"/>
  <system-out><![CDATA[]]></system-out>
  <system-err><![CDATA[]]></system-err>
</testsuite>
