<?xml version="1.0" encoding="UTF-8"?>
<testsuite name="NumberWordsTest" tests="5" skipped="0" failures="0" errors="0" timestamp="2016-01-06T17:02:17" hostname="epicodus-32.local" time="0.002">
  <properties/>
  <testcase name="inputNumber_translatesNumericNumbersToWrittenWords1_one" classname="NumberWordsTest" time="0.001"/>
  <testcase name="inputNumber_translatesNumericNumbersToWrittenWords14_fourteen" classname="NumberWordsTest" time="0.0"/>
  <testcase name="inputNumber_translatesNumericNumbersToWrittenWords20_twenty" classname="NumberWordsTest" time="0.0"/>
  <testcase name="inputNumber_translatesNumericNumbersToWrittenWords22_twentytwo" classname="NumberWordsTest" time="0.0"/>
  <testcase name="inputNumber_translatesNumericNumbersToWrittenWords666_sixhundredsixtysix" classname="NumberWordsTest" time="0.0"/>
  <system-out><![CDATA[]]></system-out>
  <system-err><![CDATA[]]></system-err>
</testsuite>
